v8-version,9,4,146,24,-node.20,0
v8-platform,windows,unknown
new,CodeRange,0x1a171300000,0
new,MemoryChunk,0x16a877c0000,262144
new,MemoryChunk,0x618600000,262144
new,MemoryChunk,0x28a04e00000,262144
new,MemoryChunk,0x2e1ee040000,262144
new,MemoryChunk,0x16cefb00000,262144
heap-capacity,1031072
heap-available,2198652736
new,MemoryChunk,0x24a4b780000,262144
new,MemoryChunk,0x2a583780000,262144
new,MemoryChunk,0x139906c0000,262144
new,MemoryChunk,0x26f69240000,262144
new,MemoryChunk,0x1a639000000,262144
new,MemoryChunk,0x1da62ac0000,262144
new,MemoryChunk,0x2d076180000,262144
new,MemoryChunk,0x1a171340000,262144
new,MemoryChunk,0x86d4740000,262144
new,MemoryChunk,0x3cf67100000,262144
new,MemoryChunk,0x15bef2c0000,262144
new,MemoryChunk,0xcb15bc0000,262144
new,MemoryChunk,0x328fba40000,262144
new,MemoryChunk,0x14727fc0000,262144
new,MemoryChunk,0x1a171380000,262144
new,MemoryChunk,0x2d8375c0000,262144
new,MemoryChunk,0x2db8e2c0000,262144
new,MemoryChunk,0x28cd7f40000,262144
new,MemoryChunk,0x265e1740000,262144
new,MemoryChunk,0x2f9d9580000,262144
new,MemoryChunk,0x1bc32bc0000,262144
new,MemoryChunk,0x24af30c0000,262144
new,MemoryChunk,0x279e1780000,262144
new,MemoryChunk,0x3237b00000,262144
new,MemoryChunk,0x32f1a80000,262144
scavenge,begin,0,171875,1663219702501
scavenge,end,0,171875,1663219702502
markcompact,begin,0,171875,1663219708276
markcompact,end,0,171875,1663219708279
delete,MemoryChunk,0x24af30c0000
delete,MemoryChunk,0x279e1780000
delete,MemoryChunk,0x3237b00000
delete,MemoryChunk,0x32f1a80000
markcompact,begin,0,171875,1663219708891
new,MemoryChunk,0x1479dc40000,262144
new,MemoryChunk,0x79c3c0000,262144
delete,MemoryChunk,0x14727fc0000
delete,MemoryChunk,0x2db8e2c0000
delete,MemoryChunk,0x2d8375c0000
markcompact,end,0,171875,1663219708902
delete,MemoryChunk,0x618600000
delete,MemoryChunk,0x28a04e00000
delete,MemoryChunk,0x2e1ee040000
delete,MemoryChunk,0x16cefb00000
